<?xml version="1.0" encoding="UTF-8"?>
<!-- Generated by org.testng.reporters.JUnitReportReporter -->
<testsuite skipped="0" hostname="PES010900-V7039" name="guidewire.SampleProgram" tests="1" failures="0" timestamp="05 dic 2019 05:59:18 GMT" time="0.046" errors="0">
  <testcase name="Sample" time="0.046" classname="guidewire.SampleProgram"/>
</testsuite> <!-- guidewire.SampleProgram -->
