<?xml version="1.0" encoding="UTF-8"?>
<!-- Generated by org.testng.reporters.JUnitReportReporter -->
<testsuite hostname="PES010900-V7039" name="guidewire.SampleProgram" tests="1" failures="0" timestamp="5 Dec 2019 06:27:56 GMT" time="0.022" errors="0">
  <testcase name="Sample" time="0.022" classname="guidewire.SampleProgram"/>
</testsuite> <!-- guidewire.SampleProgram -->
